<?xml version="1.0" encoding="UTF-8"?>
<!-- Generated by org.testng.reporters.JUnitReportReporter -->
<testsuite skipped="0" hostname="sai" name="POM.Pegasus.Headless" tests="1" failures="0" timestamp="24 Dec 2017 06:40:38 GMT" time="16.728" errors="0">
  <testcase name="headless" time="16.728" classname="POM.Pegasus.Headless"/>
</testsuite> <!-- POM.Pegasus.Headless -->
