<?xml version="1.0" encoding="UTF-8"?>
<!-- Generated by org.testng.reporters.JUnitReportReporter -->
<testsuite skipped="0" hostname="sai" name="POM.Pegasus.App" tests="3" failures="0" timestamp="02 Dec 2017 17:37:43 GMT" time="48.464" errors="0">
  <testcase name="etster" time="15.812" classname="POM.Pegasus.App"/>
  <testcase name="etster" time="16.334" classname="POM.Pegasus.App"/>
  <testcase name="etster" time="16.318" classname="POM.Pegasus.App"/>
</testsuite> <!-- POM.Pegasus.App -->
