<?xml version="1.0" encoding="UTF-8"?>
<!-- Generated by org.testng.reporters.JUnitReportReporter -->
<testsuite skipped="0" hostname="sai" name="POM.Pegasus.BrowserFactory" tests="3" failures="0" timestamp="08 Dec 2017 16:19:56 GMT" time="50.208" errors="0">
  <testcase name="etster" time="16.880" classname="POM.Pegasus.BrowserFactory"/>
  <testcase name="etster" time="16.744" classname="POM.Pegasus.BrowserFactory"/>
  <testcase name="etster" time="16.584" classname="POM.Pegasus.BrowserFactory"/>
</testsuite> <!-- POM.Pegasus.BrowserFactory -->
