<?xml version="1.0" encoding="UTF-8"?>
<!-- Generated by org.testng.reporters.JUnitReportReporter -->
<testsuite skipped="0" hostname="sai" name="POM.Pegasus.AppTest" tests="1" failures="0" timestamp="02 Dec 2017 08:45:43 GMT" time="8.588" errors="0">
  <testcase name="test" time="8.588" classname="POM.Pegasus.AppTest"/>
</testsuite> <!-- POM.Pegasus.AppTest -->
